<?xml version="1.0" encoding="UTF-8"?>
<testsuite xmlns:xsi="http://www.w3.org/2001/XMLSchema-instance" xsi:noNamespaceSchemaLocation="https://maven.apache.org/surefire/maven-surefire-plugin/xsd/surefire-test-report.xsd" name="com.jokerdig.ProviderServerApplicationTests" time="18.614" tests="1" errors="0" skipped="0" failures="0">
  <properties>
    <property name="sun.desktop" value="windows"/>
    <property name="awt.toolkit" value="sun.awt.windows.WToolkit"/>
    <property name="file.encoding.pkg" value="sun.io"/>
    <property name="java.specification.version" value="1.8"/>
    <property name="sun.cpu.isalist" value="amd64"/>
    <property name="sun.jnu.encoding" value="GBK"/>
    <property name="java.class.path" value="D:\Project\project3\SpringBoot\springboot-10-dubbo_zookeeper\provider-server\target\test-classes;D:\Project\project3\SpringBoot\springboot-10-dubbo_zookeeper\provider-server\target\classes;D:\maven\myRepository\org\springframework\boot\spring-boot-starter-web\2.7.2\spring-boot-starter-web-2.7.2.jar;D:\maven\myRepository\org\springframework\boot\spring-boot-starter\2.7.2\spring-boot-starter-2.7.2.jar;D:\maven\myRepository\org\springframework\boot\spring-boot\2.7.2\spring-boot-2.7.2.jar;D:\maven\myRepository\org\springframework\boot\spring-boot-autoconfigure\2.7.2\spring-boot-autoconfigure-2.7.2.jar;D:\maven\myRepository\org\springframework\boot\spring-boot-starter-logging\2.7.2\spring-boot-starter-logging-2.7.2.jar;D:\maven\myRepository\ch\qos\logback\logback-classic\1.2.11\logback-classic-1.2.11.jar;D:\maven\myRepository\ch\qos\logback\logback-core\1.2.11\logback-core-1.2.11.jar;D:\maven\myRepository\org\apache\logging\log4j\log4j-to-slf4j\2.17.2\log4j-to-slf4j-2.17.2.jar;D:\maven\myRepository\org\apache\logging\log4j\log4j-api\2.17.2\log4j-api-2.17.2.jar;D:\maven\myRepository\org\slf4j\jul-to-slf4j\1.7.36\jul-to-slf4j-1.7.36.jar;D:\maven\myRepository\jakarta\annotation\jakarta.annotation-api\1.3.5\jakarta.annotation-api-1.3.5.jar;D:\maven\myRepository\org\yaml\snakeyaml\1.30\snakeyaml-1.30.jar;D:\maven\myRepository\org\springframework\boot\spring-boot-starter-json\2.7.2\spring-boot-starter-json-2.7.2.jar;D:\maven\myRepository\com\fasterxml\jackson\core\jackson-databind\2.13.3\jackson-databind-2.13.3.jar;D:\maven\myRepository\com\fasterxml\jackson\core\jackson-annotations\2.13.3\jackson-annotations-2.13.3.jar;D:\maven\myRepository\com\fasterxml\jackson\core\jackson-core\2.13.3\jackson-core-2.13.3.jar;D:\maven\myRepository\com\fasterxml\jackson\datatype\jackson-datatype-jdk8\2.13.3\jackson-datatype-jdk8-2.13.3.jar;D:\maven\myRepository\com\fasterxml\jackson\datatype\jackson-datatype-jsr310\2.13.3\jackson-datatype-jsr310-2.13.3.jar;D:\maven\myRepository\com\fasterxml\jackson\module\jackson-module-parameter-names\2.13.3\jackson-module-parameter-names-2.13.3.jar;D:\maven\myRepository\org\springframework\boot\spring-boot-starter-tomcat\2.7.2\spring-boot-starter-tomcat-2.7.2.jar;D:\maven\myRepository\org\apache\tomcat\embed\tomcat-embed-core\9.0.65\tomcat-embed-core-9.0.65.jar;D:\maven\myRepository\org\apache\tomcat\embed\tomcat-embed-el\9.0.65\tomcat-embed-el-9.0.65.jar;D:\maven\myRepository\org\apache\tomcat\embed\tomcat-embed-websocket\9.0.65\tomcat-embed-websocket-9.0.65.jar;D:\maven\myRepository\org\springframework\spring-web\5.3.22\spring-web-5.3.22.jar;D:\maven\myRepository\org\springframework\spring-beans\5.3.22\spring-beans-5.3.22.jar;D:\maven\myRepository\org\springframework\spring-webmvc\5.3.22\spring-webmvc-5.3.22.jar;D:\maven\myRepository\org\springframework\spring-aop\5.3.22\spring-aop-5.3.22.jar;D:\maven\myRepository\org\springframework\spring-context\5.3.22\spring-context-5.3.22.jar;D:\maven\myRepository\org\springframework\spring-expression\5.3.22\spring-expression-5.3.22.jar;D:\maven\myRepository\org\springframework\boot\spring-boot-starter-test\2.7.2\spring-boot-starter-test-2.7.2.jar;D:\maven\myRepository\org\springframework\boot\spring-boot-test\2.7.2\spring-boot-test-2.7.2.jar;D:\maven\myRepository\org\springframework\boot\spring-boot-test-autoconfigure\2.7.2\spring-boot-test-autoconfigure-2.7.2.jar;D:\maven\myRepository\com\jayway\jsonpath\json-path\2.7.0\json-path-2.7.0.jar;D:\maven\myRepository\net\minidev\json-smart\2.4.8\json-smart-2.4.8.jar;D:\maven\myRepository\net\minidev\accessors-smart\2.4.8\accessors-smart-2.4.8.jar;D:\maven\myRepository\org\ow2\asm\asm\9.1\asm-9.1.jar;D:\maven\myRepository\jakarta\xml\bind\jakarta.xml.bind-api\2.3.3\jakarta.xml.bind-api-2.3.3.jar;D:\maven\myRepository\jakarta\activation\jakarta.activation-api\1.2.2\jakarta.activation-api-1.2.2.jar;D:\maven\myRepository\org\assertj\assertj-core\3.22.0\assertj-core-3.22.0.jar;D:\maven\myRepository\org\hamcrest\hamcrest\2.2\hamcrest-2.2.jar;D:\maven\myRepository\org\junit\jupiter\junit-jupiter\5.8.2\junit-jupiter-5.8.2.jar;D:\maven\myRepository\org\junit\jupiter\junit-jupiter-api\5.8.2\junit-jupiter-api-5.8.2.jar;D:\maven\myRepository\org\opentest4j\opentest4j\1.2.0\opentest4j-1.2.0.jar;D:\maven\myRepository\org\junit\platform\junit-platform-commons\1.8.2\junit-platform-commons-1.8.2.jar;D:\maven\myRepository\org\apiguardian\apiguardian-api\1.1.2\apiguardian-api-1.1.2.jar;D:\maven\myRepository\org\junit\jupiter\junit-jupiter-params\5.8.2\junit-jupiter-params-5.8.2.jar;D:\maven\myRepository\org\junit\jupiter\junit-jupiter-engine\5.8.2\junit-jupiter-engine-5.8.2.jar;D:\maven\myRepository\org\junit\platform\junit-platform-engine\1.8.2\junit-platform-engine-1.8.2.jar;D:\maven\myRepository\org\mockito\mockito-core\4.5.1\mockito-core-4.5.1.jar;D:\maven\myRepository\net\bytebuddy\byte-buddy\1.12.12\byte-buddy-1.12.12.jar;D:\maven\myRepository\net\bytebuddy\byte-buddy-agent\1.12.12\byte-buddy-agent-1.12.12.jar;D:\maven\myRepository\org\objenesis\objenesis\3.2\objenesis-3.2.jar;D:\maven\myRepository\org\mockito\mockito-junit-jupiter\4.5.1\mockito-junit-jupiter-4.5.1.jar;D:\maven\myRepository\org\skyscreamer\jsonassert\1.5.1\jsonassert-1.5.1.jar;D:\maven\myRepository\com\vaadin\external\google\android-json\0.0.20131108.vaadin1\android-json-0.0.20131108.vaadin1.jar;D:\maven\myRepository\org\springframework\spring-core\5.3.22\spring-core-5.3.22.jar;D:\maven\myRepository\org\springframework\spring-jcl\5.3.22\spring-jcl-5.3.22.jar;D:\maven\myRepository\org\springframework\spring-test\5.3.22\spring-test-5.3.22.jar;D:\maven\myRepository\org\xmlunit\xmlunit-core\2.9.0\xmlunit-core-2.9.0.jar;D:\maven\myRepository\org\apache\dubbo\dubbo-spring-boot-starter\2.7.3\dubbo-spring-boot-starter-2.7.3.jar;D:\maven\myRepository\org\apache\dubbo\dubbo-spring-boot-autoconfigure\2.7.3\dubbo-spring-boot-autoconfigure-2.7.3.jar;D:\maven\myRepository\org\apache\dubbo\dubbo-spring-boot-autoconfigure-compatible\2.7.3\dubbo-spring-boot-autoconfigure-compatible-2.7.3.jar;D:\maven\myRepository\org\apache\dubbo\dubbo\2.7.3\dubbo-2.7.3.jar;D:\maven\myRepository\org\javassist\javassist\3.20.0-GA\javassist-3.20.0-GA.jar;D:\maven\myRepository\io\netty\netty-all\4.1.79.Final\netty-all-4.1.79.Final.jar;D:\maven\myRepository\io\netty\netty-buffer\4.1.79.Final\netty-buffer-4.1.79.Final.jar;D:\maven\myRepository\io\netty\netty-codec\4.1.79.Final\netty-codec-4.1.79.Final.jar;D:\maven\myRepository\io\netty\netty-codec-dns\4.1.79.Final\netty-codec-dns-4.1.79.Final.jar;D:\maven\myRepository\io\netty\netty-codec-haproxy\4.1.79.Final\netty-codec-haproxy-4.1.79.Final.jar;D:\maven\myRepository\io\netty\netty-codec-http\4.1.79.Final\netty-codec-http-4.1.79.Final.jar;D:\maven\myRepository\io\netty\netty-codec-http2\4.1.79.Final\netty-codec-http2-4.1.79.Final.jar;D:\maven\myRepository\io\netty\netty-codec-memcache\4.1.79.Final\netty-codec-memcache-4.1.79.Final.jar;D:\maven\myRepository\io\netty\netty-codec-mqtt\4.1.79.Final\netty-codec-mqtt-4.1.79.Final.jar;D:\maven\myRepository\io\netty\netty-codec-redis\4.1.79.Final\netty-codec-redis-4.1.79.Final.jar;D:\maven\myRepository\io\netty\netty-codec-smtp\4.1.79.Final\netty-codec-smtp-4.1.79.Final.jar;D:\maven\myRepository\io\netty\netty-codec-socks\4.1.79.Final\netty-codec-socks-4.1.79.Final.jar;D:\maven\myRepository\io\netty\netty-codec-stomp\4.1.79.Final\netty-codec-stomp-4.1.79.Final.jar;D:\maven\myRepository\io\netty\netty-codec-xml\4.1.79.Final\netty-codec-xml-4.1.79.Final.jar;D:\maven\myRepository\io\netty\netty-common\4.1.79.Final\netty-common-4.1.79.Final.jar;D:\maven\myRepository\io\netty\netty-handler\4.1.79.Final\netty-handler-4.1.79.Final.jar;D:\maven\myRepository\io\netty\netty-transport-native-unix-common\4.1.79.Final\netty-transport-native-unix-common-4.1.79.Final.jar;D:\maven\myRepository\io\netty\netty-handler-proxy\4.1.79.Final\netty-handler-proxy-4.1.79.Final.jar;D:\maven\myRepository\io\netty\netty-resolver\4.1.79.Final\netty-resolver-4.1.79.Final.jar;D:\maven\myRepository\io\netty\netty-resolver-dns\4.1.79.Final\netty-resolver-dns-4.1.79.Final.jar;D:\maven\myRepository\io\netty\netty-transport\4.1.79.Final\netty-transport-4.1.79.Final.jar;D:\maven\myRepository\io\netty\netty-transport-rxtx\4.1.79.Final\netty-transport-rxtx-4.1.79.Final.jar;D:\maven\myRepository\io\netty\netty-transport-sctp\4.1.79.Final\netty-transport-sctp-4.1.79.Final.jar;D:\maven\myRepository\io\netty\netty-transport-udt\4.1.79.Final\netty-transport-udt-4.1.79.Final.jar;D:\maven\myRepository\io\netty\netty-transport-classes-epoll\4.1.79.Final\netty-transport-classes-epoll-4.1.79.Final.jar;D:\maven\myRepository\io\netty\netty-transport-classes-kqueue\4.1.79.Final\netty-transport-classes-kqueue-4.1.79.Final.jar;D:\maven\myRepository\io\netty\netty-resolver-dns-classes-macos\4.1.79.Final\netty-resolver-dns-classes-macos-4.1.79.Final.jar;D:\maven\myRepository\io\netty\netty-transport-native-epoll\4.1.79.Final\netty-transport-native-epoll-4.1.79.Final-linux-x86_64.jar;D:\maven\myRepository\io\netty\netty-transport-native-epoll\4.1.79.Final\netty-transport-native-epoll-4.1.79.Final-linux-aarch_64.jar;D:\maven\myRepository\io\netty\netty-transport-native-kqueue\4.1.79.Final\netty-transport-native-kqueue-4.1.79.Final-osx-x86_64.jar;D:\maven\myRepository\io\netty\netty-transport-native-kqueue\4.1.79.Final\netty-transport-native-kqueue-4.1.79.Final-osx-aarch_64.jar;D:\maven\myRepository\io\netty\netty-resolver-dns-native-macos\4.1.79.Final\netty-resolver-dns-native-macos-4.1.79.Final-osx-x86_64.jar;D:\maven\myRepository\io\netty\netty-resolver-dns-native-macos\4.1.79.Final\netty-resolver-dns-native-macos-4.1.79.Final-osx-aarch_64.jar;D:\maven\myRepository\com\google\code\gson\gson\2.9.0\gson-2.9.0.jar;D:\maven\myRepository\com\github\sgroschupf\zkclient\0.1\zkclient-0.1.jar;D:\maven\myRepository\log4j\log4j\1.2.14\log4j-1.2.14.jar;D:\maven\myRepository\org\apache\curator\curator-framework\2.12.0\curator-framework-2.12.0.jar;D:\maven\myRepository\org\apache\curator\curator-client\2.12.0\curator-client-2.12.0.jar;D:\maven\myRepository\com\google\guava\guava\16.0.1\guava-16.0.1.jar;D:\maven\myRepository\org\apache\curator\curator-recipes\2.12.0\curator-recipes-2.12.0.jar;D:\maven\myRepository\org\apache\zookeeper\zookeeper\3.4.14\zookeeper-3.4.14.jar;D:\maven\myRepository\org\slf4j\slf4j-api\1.7.36\slf4j-api-1.7.36.jar;D:\maven\myRepository\com\github\spotbugs\spotbugs-annotations\3.1.9\spotbugs-annotations-3.1.9.jar;D:\maven\myRepository\com\google\code\findbugs\jsr305\3.0.2\jsr305-3.0.2.jar;D:\maven\myRepository\jline\jline\0.9.94\jline-0.9.94.jar;D:\maven\myRepository\org\apache\yetus\audience-annotations\0.5.0\audience-annotations-0.5.0.jar;D:\maven\myRepository\io\netty\netty\3.10.6.Final\netty-3.10.6.Final.jar;"/>
    <property name="java.vm.vendor" value="Oracle Corporation"/>
    <property name="sun.arch.data.model" value="64"/>
    <property name="user.variant" value=""/>
    <property name="java.vendor.url" value="http://java.oracle.com/"/>
    <property name="user.timezone" value="Asia/Shanghai"/>
    <property name="java.vm.specification.version" value="1.8"/>
    <property name="os.name" value="Windows 10"/>
    <property name="user.country" value="CN"/>
    <property name="sun.java.launcher" value="SUN_STANDARD"/>
    <property name="sun.boot.library.path" value="C:\Program Files\Java\jdk1.8.0_191\jre\bin"/>
    <property name="sun.java.command" value="C:\Users\JOKER~1\AppData\Local\Temp\surefire8208836907546572498\surefirebooter648834627896244566.jar C:\Users\Joker大雄\AppData\Local\Temp\surefire8208836907546572498 2022-08-01T13-40-33_799-jvmRun1 surefire8455218986620535048tmp surefire_05892793591465013462tmp"/>
    <property name="surefire.test.class.path" value="D:\Project\project3\SpringBoot\springboot-10-dubbo_zookeeper\provider-server\target\test-classes;D:\Project\project3\SpringBoot\springboot-10-dubbo_zookeeper\provider-server\target\classes;D:\maven\myRepository\org\springframework\boot\spring-boot-starter-web\2.7.2\spring-boot-starter-web-2.7.2.jar;D:\maven\myRepository\org\springframework\boot\spring-boot-starter\2.7.2\spring-boot-starter-2.7.2.jar;D:\maven\myRepository\org\springframework\boot\spring-boot\2.7.2\spring-boot-2.7.2.jar;D:\maven\myRepository\org\springframework\boot\spring-boot-autoconfigure\2.7.2\spring-boot-autoconfigure-2.7.2.jar;D:\maven\myRepository\org\springframework\boot\spring-boot-starter-logging\2.7.2\spring-boot-starter-logging-2.7.2.jar;D:\maven\myRepository\ch\qos\logback\logback-classic\1.2.11\logback-classic-1.2.11.jar;D:\maven\myRepository\ch\qos\logback\logback-core\1.2.11\logback-core-1.2.11.jar;D:\maven\myRepository\org\apache\logging\log4j\log4j-to-slf4j\2.17.2\log4j-to-slf4j-2.17.2.jar;D:\maven\myRepository\org\apache\logging\log4j\log4j-api\2.17.2\log4j-api-2.17.2.jar;D:\maven\myRepository\org\slf4j\jul-to-slf4j\1.7.36\jul-to-slf4j-1.7.36.jar;D:\maven\myRepository\jakarta\annotation\jakarta.annotation-api\1.3.5\jakarta.annotation-api-1.3.5.jar;D:\maven\myRepository\org\yaml\snakeyaml\1.30\snakeyaml-1.30.jar;D:\maven\myRepository\org\springframework\boot\spring-boot-starter-json\2.7.2\spring-boot-starter-json-2.7.2.jar;D:\maven\myRepository\com\fasterxml\jackson\core\jackson-databind\2.13.3\jackson-databind-2.13.3.jar;D:\maven\myRepository\com\fasterxml\jackson\core\jackson-annotations\2.13.3\jackson-annotations-2.13.3.jar;D:\maven\myRepository\com\fasterxml\jackson\core\jackson-core\2.13.3\jackson-core-2.13.3.jar;D:\maven\myRepository\com\fasterxml\jackson\datatype\jackson-datatype-jdk8\2.13.3\jackson-datatype-jdk8-2.13.3.jar;D:\maven\myRepository\com\fasterxml\jackson\datatype\jackson-datatype-jsr310\2.13.3\jackson-datatype-jsr310-2.13.3.jar;D:\maven\myRepository\com\fasterxml\jackson\module\jackson-module-parameter-names\2.13.3\jackson-module-parameter-names-2.13.3.jar;D:\maven\myRepository\org\springframework\boot\spring-boot-starter-tomcat\2.7.2\spring-boot-starter-tomcat-2.7.2.jar;D:\maven\myRepository\org\apache\tomcat\embed\tomcat-embed-core\9.0.65\tomcat-embed-core-9.0.65.jar;D:\maven\myRepository\org\apache\tomcat\embed\tomcat-embed-el\9.0.65\tomcat-embed-el-9.0.65.jar;D:\maven\myRepository\org\apache\tomcat\embed\tomcat-embed-websocket\9.0.65\tomcat-embed-websocket-9.0.65.jar;D:\maven\myRepository\org\springframework\spring-web\5.3.22\spring-web-5.3.22.jar;D:\maven\myRepository\org\springframework\spring-beans\5.3.22\spring-beans-5.3.22.jar;D:\maven\myRepository\org\springframework\spring-webmvc\5.3.22\spring-webmvc-5.3.22.jar;D:\maven\myRepository\org\springframework\spring-aop\5.3.22\spring-aop-5.3.22.jar;D:\maven\myRepository\org\springframework\spring-context\5.3.22\spring-context-5.3.22.jar;D:\maven\myRepository\org\springframework\spring-expression\5.3.22\spring-expression-5.3.22.jar;D:\maven\myRepository\org\springframework\boot\spring-boot-starter-test\2.7.2\spring-boot-starter-test-2.7.2.jar;D:\maven\myRepository\org\springframework\boot\spring-boot-test\2.7.2\spring-boot-test-2.7.2.jar;D:\maven\myRepository\org\springframework\boot\spring-boot-test-autoconfigure\2.7.2\spring-boot-test-autoconfigure-2.7.2.jar;D:\maven\myRepository\com\jayway\jsonpath\json-path\2.7.0\json-path-2.7.0.jar;D:\maven\myRepository\net\minidev\json-smart\2.4.8\json-smart-2.4.8.jar;D:\maven\myRepository\net\minidev\accessors-smart\2.4.8\accessors-smart-2.4.8.jar;D:\maven\myRepository\org\ow2\asm\asm\9.1\asm-9.1.jar;D:\maven\myRepository\jakarta\xml\bind\jakarta.xml.bind-api\2.3.3\jakarta.xml.bind-api-2.3.3.jar;D:\maven\myRepository\jakarta\activation\jakarta.activation-api\1.2.2\jakarta.activation-api-1.2.2.jar;D:\maven\myRepository\org\assertj\assertj-core\3.22.0\assertj-core-3.22.0.jar;D:\maven\myRepository\org\hamcrest\hamcrest\2.2\hamcrest-2.2.jar;D:\maven\myRepository\org\junit\jupiter\junit-jupiter\5.8.2\junit-jupiter-5.8.2.jar;D:\maven\myRepository\org\junit\jupiter\junit-jupiter-api\5.8.2\junit-jupiter-api-5.8.2.jar;D:\maven\myRepository\org\opentest4j\opentest4j\1.2.0\opentest4j-1.2.0.jar;D:\maven\myRepository\org\junit\platform\junit-platform-commons\1.8.2\junit-platform-commons-1.8.2.jar;D:\maven\myRepository\org\apiguardian\apiguardian-api\1.1.2\apiguardian-api-1.1.2.jar;D:\maven\myRepository\org\junit\jupiter\junit-jupiter-params\5.8.2\junit-jupiter-params-5.8.2.jar;D:\maven\myRepository\org\junit\jupiter\junit-jupiter-engine\5.8.2\junit-jupiter-engine-5.8.2.jar;D:\maven\myRepository\org\junit\platform\junit-platform-engine\1.8.2\junit-platform-engine-1.8.2.jar;D:\maven\myRepository\org\mockito\mockito-core\4.5.1\mockito-core-4.5.1.jar;D:\maven\myRepository\net\bytebuddy\byte-buddy\1.12.12\byte-buddy-1.12.12.jar;D:\maven\myRepository\net\bytebuddy\byte-buddy-agent\1.12.12\byte-buddy-agent-1.12.12.jar;D:\maven\myRepository\org\objenesis\objenesis\3.2\objenesis-3.2.jar;D:\maven\myRepository\org\mockito\mockito-junit-jupiter\4.5.1\mockito-junit-jupiter-4.5.1.jar;D:\maven\myRepository\org\skyscreamer\jsonassert\1.5.1\jsonassert-1.5.1.jar;D:\maven\myRepository\com\vaadin\external\google\android-json\0.0.20131108.vaadin1\android-json-0.0.20131108.vaadin1.jar;D:\maven\myRepository\org\springframework\spring-core\5.3.22\spring-core-5.3.22.jar;D:\maven\myRepository\org\springframework\spring-jcl\5.3.22\spring-jcl-5.3.22.jar;D:\maven\myRepository\org\springframework\spring-test\5.3.22\spring-test-5.3.22.jar;D:\maven\myRepository\org\xmlunit\xmlunit-core\2.9.0\xmlunit-core-2.9.0.jar;D:\maven\myRepository\org\apache\dubbo\dubbo-spring-boot-starter\2.7.3\dubbo-spring-boot-starter-2.7.3.jar;D:\maven\myRepository\org\apache\dubbo\dubbo-spring-boot-autoconfigure\2.7.3\dubbo-spring-boot-autoconfigure-2.7.3.jar;D:\maven\myRepository\org\apache\dubbo\dubbo-spring-boot-autoconfigure-compatible\2.7.3\dubbo-spring-boot-autoconfigure-compatible-2.7.3.jar;D:\maven\myRepository\org\apache\dubbo\dubbo\2.7.3\dubbo-2.7.3.jar;D:\maven\myRepository\org\javassist\javassist\3.20.0-GA\javassist-3.20.0-GA.jar;D:\maven\myRepository\io\netty\netty-all\4.1.79.Final\netty-all-4.1.79.Final.jar;D:\maven\myRepository\io\netty\netty-buffer\4.1.79.Final\netty-buffer-4.1.79.Final.jar;D:\maven\myRepository\io\netty\netty-codec\4.1.79.Final\netty-codec-4.1.79.Final.jar;D:\maven\myRepository\io\netty\netty-codec-dns\4.1.79.Final\netty-codec-dns-4.1.79.Final.jar;D:\maven\myRepository\io\netty\netty-codec-haproxy\4.1.79.Final\netty-codec-haproxy-4.1.79.Final.jar;D:\maven\myRepository\io\netty\netty-codec-http\4.1.79.Final\netty-codec-http-4.1.79.Final.jar;D:\maven\myRepository\io\netty\netty-codec-http2\4.1.79.Final\netty-codec-http2-4.1.79.Final.jar;D:\maven\myRepository\io\netty\netty-codec-memcache\4.1.79.Final\netty-codec-memcache-4.1.79.Final.jar;D:\maven\myRepository\io\netty\netty-codec-mqtt\4.1.79.Final\netty-codec-mqtt-4.1.79.Final.jar;D:\maven\myRepository\io\netty\netty-codec-redis\4.1.79.Final\netty-codec-redis-4.1.79.Final.jar;D:\maven\myRepository\io\netty\netty-codec-smtp\4.1.79.Final\netty-codec-smtp-4.1.79.Final.jar;D:\maven\myRepository\io\netty\netty-codec-socks\4.1.79.Final\netty-codec-socks-4.1.79.Final.jar;D:\maven\myRepository\io\netty\netty-codec-stomp\4.1.79.Final\netty-codec-stomp-4.1.79.Final.jar;D:\maven\myRepository\io\netty\netty-codec-xml\4.1.79.Final\netty-codec-xml-4.1.79.Final.jar;D:\maven\myRepository\io\netty\netty-common\4.1.79.Final\netty-common-4.1.79.Final.jar;D:\maven\myRepository\io\netty\netty-handler\4.1.79.Final\netty-handler-4.1.79.Final.jar;D:\maven\myRepository\io\netty\netty-transport-native-unix-common\4.1.79.Final\netty-transport-native-unix-common-4.1.79.Final.jar;D:\maven\myRepository\io\netty\netty-handler-proxy\4.1.79.Final\netty-handler-proxy-4.1.79.Final.jar;D:\maven\myRepository\io\netty\netty-resolver\4.1.79.Final\netty-resolver-4.1.79.Final.jar;D:\maven\myRepository\io\netty\netty-resolver-dns\4.1.79.Final\netty-resolver-dns-4.1.79.Final.jar;D:\maven\myRepository\io\netty\netty-transport\4.1.79.Final\netty-transport-4.1.79.Final.jar;D:\maven\myRepository\io\netty\netty-transport-rxtx\4.1.79.Final\netty-transport-rxtx-4.1.79.Final.jar;D:\maven\myRepository\io\netty\netty-transport-sctp\4.1.79.Final\netty-transport-sctp-4.1.79.Final.jar;D:\maven\myRepository\io\netty\netty-transport-udt\4.1.79.Final\netty-transport-udt-4.1.79.Final.jar;D:\maven\myRepository\io\netty\netty-transport-classes-epoll\4.1.79.Final\netty-transport-classes-epoll-4.1.79.Final.jar;D:\maven\myRepository\io\netty\netty-transport-classes-kqueue\4.1.79.Final\netty-transport-classes-kqueue-4.1.79.Final.jar;D:\maven\myRepository\io\netty\netty-resolver-dns-classes-macos\4.1.79.Final\netty-resolver-dns-classes-macos-4.1.79.Final.jar;D:\maven\myRepository\io\netty\netty-transport-native-epoll\4.1.79.Final\netty-transport-native-epoll-4.1.79.Final-linux-x86_64.jar;D:\maven\myRepository\io\netty\netty-transport-native-epoll\4.1.79.Final\netty-transport-native-epoll-4.1.79.Final-linux-aarch_64.jar;D:\maven\myRepository\io\netty\netty-transport-native-kqueue\4.1.79.Final\netty-transport-native-kqueue-4.1.79.Final-osx-x86_64.jar;D:\maven\myRepository\io\netty\netty-transport-native-kqueue\4.1.79.Final\netty-transport-native-kqueue-4.1.79.Final-osx-aarch_64.jar;D:\maven\myRepository\io\netty\netty-resolver-dns-native-macos\4.1.79.Final\netty-resolver-dns-native-macos-4.1.79.Final-osx-x86_64.jar;D:\maven\myRepository\io\netty\netty-resolver-dns-native-macos\4.1.79.Final\netty-resolver-dns-native-macos-4.1.79.Final-osx-aarch_64.jar;D:\maven\myRepository\com\google\code\gson\gson\2.9.0\gson-2.9.0.jar;D:\maven\myRepository\com\github\sgroschupf\zkclient\0.1\zkclient-0.1.jar;D:\maven\myRepository\log4j\log4j\1.2.14\log4j-1.2.14.jar;D:\maven\myRepository\org\apache\curator\curator-framework\2.12.0\curator-framework-2.12.0.jar;D:\maven\myRepository\org\apache\curator\curator-client\2.12.0\curator-client-2.12.0.jar;D:\maven\myRepository\com\google\guava\guava\16.0.1\guava-16.0.1.jar;D:\maven\myRepository\org\apache\curator\curator-recipes\2.12.0\curator-recipes-2.12.0.jar;D:\maven\myRepository\org\apache\zookeeper\zookeeper\3.4.14\zookeeper-3.4.14.jar;D:\maven\myRepository\org\slf4j\slf4j-api\1.7.36\slf4j-api-1.7.36.jar;D:\maven\myRepository\com\github\spotbugs\spotbugs-annotations\3.1.9\spotbugs-annotations-3.1.9.jar;D:\maven\myRepository\com\google\code\findbugs\jsr305\3.0.2\jsr305-3.0.2.jar;D:\maven\myRepository\jline\jline\0.9.94\jline-0.9.94.jar;D:\maven\myRepository\org\apache\yetus\audience-annotations\0.5.0\audience-annotations-0.5.0.jar;D:\maven\myRepository\io\netty\netty\3.10.6.Final\netty-3.10.6.Final.jar;"/>
    <property name="sun.cpu.endian" value="little"/>
    <property name="user.home" value="C:\Users\Joker大雄"/>
    <property name="user.language" value="zh"/>
    <property name="java.specification.vendor" value="Oracle Corporation"/>
    <property name="java.home" value="C:\Program Files\Java\jdk1.8.0_191\jre"/>
    <property name="basedir" value="D:\Project\project3\SpringBoot\springboot-10-dubbo_zookeeper\provider-server"/>
    <property name="file.separator" value="\"/>
    <property name="line.separator" value="&#10;"/>
    <property name="java.vm.specification.vendor" value="Oracle Corporation"/>
    <property name="java.specification.name" value="Java Platform API Specification"/>
    <property name="java.awt.graphicsenv" value="sun.awt.Win32GraphicsEnvironment"/>
    <property name="surefire.real.class.path" value="C:\Users\JOKER~1\AppData\Local\Temp\surefire8208836907546572498\surefirebooter648834627896244566.jar"/>
    <property name="sun.boot.class.path" value="C:\Program Files\Java\jdk1.8.0_191\jre\lib\resources.jar;C:\Program Files\Java\jdk1.8.0_191\jre\lib\rt.jar;C:\Program Files\Java\jdk1.8.0_191\jre\lib\sunrsasign.jar;C:\Program Files\Java\jdk1.8.0_191\jre\lib\jsse.jar;C:\Program Files\Java\jdk1.8.0_191\jre\lib\jce.jar;C:\Program Files\Java\jdk1.8.0_191\jre\lib\charsets.jar;C:\Program Files\Java\jdk1.8.0_191\jre\lib\jfr.jar;C:\Program Files\Java\jdk1.8.0_191\jre\classes"/>
    <property name="user.script" value=""/>
    <property name="sun.management.compiler" value="HotSpot 64-Bit Tiered Compilers"/>
    <property name="java.runtime.version" value="1.8.0_191-b12"/>
    <property name="user.name" value="Joker大雄"/>
    <property name="path.separator" value=";"/>
    <property name="os.version" value="10.0"/>
    <property name="java.endorsed.dirs" value="C:\Program Files\Java\jdk1.8.0_191\jre\lib\endorsed"/>
    <property name="java.runtime.name" value="Java(TM) SE Runtime Environment"/>
    <property name="file.encoding" value="GBK"/>
    <property name="java.vm.name" value="Java HotSpot(TM) 64-Bit Server VM"/>
    <property name="localRepository" value="D:\maven\myRepository"/>
    <property name="java.vendor.url.bug" value="http://bugreport.sun.com/bugreport/"/>
    <property name="java.io.tmpdir" value="C:\Users\JOKER~1\AppData\Local\Temp\"/>
    <property name="idea.version" value="2020.3.4"/>
    <property name="java.version" value="1.8.0_191"/>
    <property name="user.dir" value="D:\Project\project3\SpringBoot\springboot-10-dubbo_zookeeper\provider-server"/>
    <property name="os.arch" value="amd64"/>
    <property name="java.vm.specification.name" value="Java Virtual Machine Specification"/>
    <property name="java.awt.printerjob" value="sun.awt.windows.WPrinterJob"/>
    <property name="sun.os.patch.level" value=""/>
    <property name="java.library.path" value="C:\Program Files\Java\jdk1.8.0_191\jre\bin;C:\WINDOWS\Sun\Java\bin;C:\WINDOWS\system32;C:\WINDOWS;D:\Project\VMW\bin\;D:\Project\Oracle\product\11.2.0\dbhome_1\bin;C:\Program Files (x86)\Common Files\Intel\Shared Libraries\redist\intel64\compiler;C:\Program Files (x86)\Common Files\Oracle\Java\javapath;C:\Windows\system32;C:\Windows;C:\Windows\System32\Wbem;C:\Windows\System32\WindowsPowerShell\v1.0\;C:\Windows\System32\OpenSSH\;C:\Program Files\Intel\WiFi\bin\;C:\Program Files\Common Files\Intel\WirelessCommon\;C:\Program Files\Java\jdk1.8.0_191\bin;C:\Program Files\Java\jdk1.8.0_191\jre\bin;c:\Program Files (x86)\Microsoft SQL Server\100\Tools\Binn\;c:\Program Files\Microsoft SQL Server\100\Tools\Binn\;c:\Program Files\Microsoft SQL Server\100\DTS\Binn\;c:\Program Files (x86)\Microsoft SQL Server\100\Tools\Binn\VSShell\Common7\IDE\;c:\Program Files (x86)\Microsoft SQL Server\100\DTS\Binn\;C:\WINDOWS\system32;C:\WINDOWS;C:\WINDOWS\System32\Wbem;C:\WINDOWS\System32\WindowsPowerShell\v1.0\;C:\WINDOWS\System32\OpenSSH\;D:\Android\AndroidSDK\platform-tools;D:\Project\sdk\sdk\platform-tools;C:\WINDOWS\system32;C:\WINDOWS;C:\WINDOWS\System32\Wbem;C:\WINDOWS\System32\WindowsPowerShell\v1.0\;C:\WINDOWS\System32\OpenSSH\;D:\GitHub\Git\cmd;D:\Maven\apache-maven-3.6.1\bin;D:\Project\Redis\;D:\NodeJS\;C:\Program Files (x86)\Google\Chrome\Application;C:\Program Files\MySQL\MySQL Server 8.0\bin;D:\Project\微信web开发者工具\dll;C:\Users\Joker大雄\AppData\Local\Programs\Python\Python38\Scripts\;C:\Users\Joker大雄\AppData\Local\Programs\Python\Python38\;C:\Users\Joker大雄\AppData\Local\Programs\Python\Python38-32\Scripts\;C:\Users\Joker大雄\AppData\Local\Programs\Python\Python38-32\;C:\Users\Joker大雄\AppData\Local\Microsoft\WindowsApps;D:\IDEA\IntelliJ IDEA 2020.3.4\bin;;D:\Pycharm\PyCharm 2020.1.3\bin;;D:\NodeJS\node_global;D:\Project\Microsoft VS Code\bin;D:\Project\PyCharm Community Edition 2021.2.1\bin;;C:\Users\Joker大雄\AppData\Roaming\npm;D:\Project\Graphviz\bin;;."/>
    <property name="java.vm.info" value="mixed mode"/>
    <property name="java.vendor" value="Oracle Corporation"/>
    <property name="java.vm.version" value="25.191-b12"/>
    <property name="java.ext.dirs" value="C:\Program Files\Java\jdk1.8.0_191\jre\lib\ext;C:\WINDOWS\Sun\Java\lib\ext"/>
    <property name="sun.io.unicode.encoding" value="UnicodeLittle"/>
    <property name="java.class.version" value="52.0"/>
  </properties>
  <testcase name="contextLoads" classname="com.jokerdig.ProviderServerApplicationTests" time="0.202"/>
</testsuite>